<?xml version="1.0" encoding="UTF-8"?>
<!-- Generated by org.testng.reporters.JUnitReportReporter -->
<testsuite hostname="Shiv" failures="0" tests="1" name="vtiger.opportunity_module.ToCreateOpportunityTest" time="29.309" errors="0" timestamp="2024-03-11T12:34:52 IST" skipped="0">
  <testcase classname="vtiger.opportunity_module.ToCreateOpportunityTest" name="toCreateAnOpportunityWithOrganizationAndCampaignDetails" time="29.309"/>
</testsuite> <!-- vtiger.opportunity_module.ToCreateOpportunityTest -->
