<?xml version="1.0" encoding="UTF-8"?>
<!-- Generated by org.testng.reporters.JUnitReportReporter -->
<testsuite hostname="Shiv" failures="0" tests="1" name="vtiger.lead_Module.ToCreateALeadTest" time="42.618" errors="0" timestamp="12 Mar 2024 07:12:11 GMT" skipped="0">
  <testcase classname="vtiger.lead_Module.ToCreateALeadTest" name="toCreateALeadAndVerifyTheLeadInfo" time="42.618"/>
</testsuite> <!-- vtiger.lead_Module.ToCreateALeadTest -->
