<?xml version="1.0" encoding="UTF-8"?>
<!-- Generated by org.testng.reporters.JUnitReportReporter -->
<testsuite hostname="Shiv" failures="0" tests="1" name="vtiger.opportunity_module.ToCreateOpportunityTest" time="43.042" errors="0" timestamp="12 Mar 2024 07:12:11 GMT" skipped="0">
  <testcase classname="vtiger.opportunity_module.ToCreateOpportunityTest" name="toCreateAnOpportunityWithOrganizationAndCampaignDetails" time="43.042"/>
</testsuite> <!-- vtiger.opportunity_module.ToCreateOpportunityTest -->
